<?xml version="1.0" encoding="UTF-8"?>
<!-- Generated by org.testng.reporters.JUnitXMLReporter -->
<testsuite ignored="0" hostname="Jasons-MacBook-Pro.local" failures="0" tests="2" name="Default test" time="39.765" errors="0" timestamp="2024-08-11T20:46:04 MYT">
  <testcase classname="io.cucumber.testng.AbstractTestNGCucumberTests" name="runScenario" time="23.195"/>
  <testcase classname="io.cucumber.testng.AbstractTestNGCucumberTests" name="runScenario" time="16.061"/>
</testsuite> <!-- Default test -->
