<?xml version="1.0" encoding="UTF-8"?>
<!-- Generated by org.testng.reporters.JUnitXMLReporter -->
<testsuite ignored="0" hostname="Jasons-MacBook-Pro.local" failures="1" tests="2" name="Error Validation Test" time="19.173" errors="0" timestamp="2024-08-10T21:30:44 MYT">
  <testcase classname="e2e.ErrorValidation" name="errorValid01" time="0.717"/>
  <testcase classname="e2e.ErrorValidation" name="errorValid02" time="1.005">
    <failure type="java.lang.AssertionError" message="expected:&amp;lt;Incorrect email or passwords.&amp;gt; but was:&amp;lt;Incorrect email or password.&amp;gt;">
      <![CDATA[java.lang.AssertionError: expected:<Incorrect email or passwords.> but was:<Incorrect email or password.>
at e2e.ErrorValidation.errorValid02(ErrorValidation.java:25)
at java.base/java.util.ArrayList.forEach(ArrayList.java:1596)
at java.base/java.util.concurrent.FutureTask.run(FutureTask.java:317)
at java.base/java.util.concurrent.ThreadPoolExecutor.runWorker(ThreadPoolExecutor.java:1144)
at java.base/java.util.concurrent.ThreadPoolExecutor$Worker.run(ThreadPoolExecutor.java:642)
at java.base/java.lang.Thread.run(Thread.java:1583)
... Removed 17 stack frames]]>
    </failure>
  </testcase> <!-- errorValid02 -->
</testsuite> <!-- Error Validation Test -->
