<?xml version="1.0" encoding="UTF-8"?>
<!-- Generated by org.testng.reporters.JUnitXMLReporter -->
<testsuite ignored="1" hostname="Jasons-MacBook-Pro.local" failures="0" tests="2" name="Submit Order Test" time="34.634" errors="0" timestamp="2024-08-10T21:30:59 MYT">
  <testcase classname="e2e.FullTest" name="submitOrder01" time="16.291"/>
  <testcase classname="e2e.FullTest" name="submitOrder01" time="3.954"/>
  <testcase classname="e2e.FullTest" name="orderHistoryTest" time="0.0">
    <ignored/>
  </testcase> <!-- orderHistoryTest -->
</testsuite> <!-- Submit Order Test -->
