<?xml version="1.0" encoding="UTF-8"?>
<!-- Generated by org.testng.reporters.JUnitXMLReporter -->
<testsuite ignored="0" hostname="Jasons-MacBook-Pro.local" failures="1" tests="2" name="Error Validation Test" time="46.346" errors="0" timestamp="2024-08-18T18:25:27 MYT">
  <testcase classname="e2e.ErrorValidation" name="errorValid01" time="1.957"/>
  <testcase classname="e2e.ErrorValidation" name="errorValid02" time="1.037">
    <failure type="java.lang.AssertionError" message="expected:&amp;lt;Incorrect email or passwords.&amp;gt; but was:&amp;lt;Incorrect email or password.&amp;gt;">
      <![CDATA[java.lang.AssertionError: expected:<Incorrect email or passwords.> but was:<Incorrect email or password.>
at e2e.ErrorValidation.errorValid02(ErrorValidation.java:26)
at java.base/java.util.ArrayList.forEach(ArrayList.java:1596)
at java.base/java.util.concurrent.FutureTask.run(FutureTask.java:317)
at java.base/java.util.concurrent.ThreadPoolExecutor.runWorker(ThreadPoolExecutor.java:1144)
at java.base/java.util.concurrent.ThreadPoolExecutor$Worker.run(ThreadPoolExecutor.java:642)
at java.base/java.lang.Thread.run(Thread.java:1583)
... Removed 17 stack frames]]>
    </failure>
  </testcase> <!-- errorValid02 -->
</testsuite> <!-- Error Validation Test -->
