<?xml version="1.0" encoding="UTF-8"?>
<!-- Generated by org.testng.reporters.JUnitXMLReporter -->
<testsuite ignored="1" hostname="Jasons-MacBook-Pro.local" failures="0" tests="2" name="Submit Order Test" time="67.729" errors="0" timestamp="2024-08-18T18:25:46 MYT">
  <testcase classname="e2e.FullTest" name="submitOrder01" time="13.527"/>
  <testcase classname="e2e.FullTest" name="submitOrder01" time="11.061"/>
  <testcase classname="e2e.FullTest" name="orderHistoryTest" time="0.0">
    <ignored/>
  </testcase> <!-- orderHistoryTest -->
</testsuite> <!-- Submit Order Test -->
