<?xml version="1.0" encoding="UTF-8"?>
<testsuite xmlns:xsi="http://www.w3.org/2001/XMLSchema-instance" xsi:noNamespaceSchemaLocation="https://maven.apache.org/surefire/maven-surefire-plugin/xsd/surefire-test-report.xsd" version="3.0.2" name="cucumber.feature.TestNGTestRunner" time="35.989" tests="2" errors="0" skipped="0" failures="0">
  <properties>
[...]
</properties>
  <testcase name="runScenario[&quot;Login and place order&quot;, &quot;Place orders from Ecommerce Website&quot;](1)" classname="cucumber.feature.TestNGTestRunner" time="18.905">
    <system-err><![CDATA[SLF4J: Failed to load class "org.slf4j.impl.StaticLoggerBinder".
SLF4J: Defaulting to no-operation (NOP) logger implementation
SLF4J: See http://www.slf4j.org/codes.html#StaticLoggerBinder for further details.
Aug 11, 2024 8:56:44 PM org.openqa.selenium.manager.SeleniumManager lambda$runCommand$1
WARNING: The chromedriver version (126.0.6478.182) detected in PATH at /usr/local/bin/chromedriver might not be compatible with the detected chrome version (127.0.6533.100); currently, chromedriver 127.0.6533.99 is recommended for chrome 127.*, so it is advised to delete the driver in PATH and retry
]]></system-err>
  </testcase>
  <testcase name="runScenario[&quot;Login and place order&quot;, &quot;Place orders from Ecommerce Website&quot;](2)" classname="cucumber.feature.TestNGTestRunner" time="16.056">
    <system-err><![CDATA[Aug 11, 2024 8:57:02 PM org.openqa.selenium.manager.SeleniumManager lambda$runCommand$1
WARNING: The chromedriver version (126.0.6478.182) detected in PATH at /usr/local/bin/chromedriver might not be compatible with the detected chrome version (127.0.6533.100); currently, chromedriver 127.0.6533.99 is recommended for chrome 127.*, so it is advised to delete the driver in PATH and retry
]]></system-err>
  </testcase>
</testsuite>