<?xml version="1.0" encoding="UTF-8"?>
<testng-results ignored="0" total="2" passed="2" failed="0" skipped="0">
  <reporter-output>
  </reporter-output>
  <suite started-at="2024-08-11T20:45:25 MYT" name="Default suite" finished-at="2024-08-11T20:46:04 MYT" duration-ms="39765">
    <groups>
      <group name="cucumber">
        <method signature="AbstractTestNGCucumberTests.runScenario(io.cucumber.testng.PickleWrapper,io.cucumber.testng.FeatureWrapper)[pri:0, instance:cucumber.feature.TestNGTestRunner@6d763516]" name="runScenario" class="io.cucumber.testng.AbstractTestNGCucumberTests"/>
      </group> <!-- cucumber -->
    </groups>
    <test started-at="2024-08-11T20:45:25 MYT" name="Default test" finished-at="2024-08-11T20:46:04 MYT" duration-ms="39765">
      <class name="cucumber.feature.TestNGTestRunner">
        <test-method is-config="true" signature="setUpClass(org.testng.ITestContext)[pri:0, instance:cucumber.feature.TestNGTestRunner@6d763516]" started-at="2024-08-11T20:45:25 MYT" name="setUpClass" finished-at="2024-08-11T20:45:25 MYT" duration-ms="441" status="PASS">
          <params>
            <param index="0">
              <value>
                <![CDATA[org.testng.TestRunner@63c12e52]]>
              </value>
            </param>
          </params>
          <reporter-output>
          </reporter-output>
        </test-method> <!-- setUpClass -->
        <test-method signature="runScenario(io.cucumber.testng.PickleWrapper,io.cucumber.testng.FeatureWrapper)[pri:0, instance:cucumber.feature.TestNGTestRunner@6d763516]" started-at="2024-08-11T20:45:25 MYT" name="runScenario" description="Runs Cucumber Scenarios" data-provider="scenarios" finished-at="2024-08-11T20:45:48 MYT" duration-ms="23195" status="PASS">
          <params>
            <param index="0">
              <value>
                <![CDATA["Login and place order"]]>
              </value>
            </param>
            <param index="1">
              <value>
                <![CDATA["Place orders from Ecommerce Website"]]>
              </value>
            </param>
          </params>
          <reporter-output>
          </reporter-output>
        </test-method> <!-- runScenario -->
        <test-method signature="runScenario(io.cucumber.testng.PickleWrapper,io.cucumber.testng.FeatureWrapper)[pri:0, instance:cucumber.feature.TestNGTestRunner@6d763516]" started-at="2024-08-11T20:45:48 MYT" name="runScenario" description="Runs Cucumber Scenarios" data-provider="scenarios" finished-at="2024-08-11T20:46:04 MYT" duration-ms="16061" status="PASS">
          <params>
            <param index="0">
              <value>
                <![CDATA["Login and place order"]]>
              </value>
            </param>
            <param index="1">
              <value>
                <![CDATA["Place orders from Ecommerce Website"]]>
              </value>
            </param>
          </params>
          <reporter-output>
          </reporter-output>
        </test-method> <!-- runScenario -->
        <test-method is-config="true" signature="tearDownClass()[pri:0, instance:cucumber.feature.TestNGTestRunner@6d763516]" started-at="2024-08-11T20:46:04 MYT" name="tearDownClass" finished-at="2024-08-11T20:46:04 MYT" duration-ms="28" status="PASS">
          <reporter-output>
          </reporter-output>
        </test-method> <!-- tearDownClass -->
      </class> <!-- cucumber.feature.TestNGTestRunner -->
    </test> <!-- Default test -->
  </suite> <!-- Default suite -->
</testng-results>
